#-----------------------------------------------------------
# updatemem v2017.4 (64-bit)
# SW Build 2086221 on Fri Dec 15 20:54:30 MST 2017
# 
# Start of session at: Wed Feb 19 19:10:22 2020
# Process ID: 22577
# Current directory: /ectf/tools
# Command line: updatemem -mode batch -source /opt/Xilinx/SDK/2017.4/scripts/updatemem/main.tcl -notrace -tclargs -meminfo /ectf//mb/test/system_wrapper.mmi -data /ectf//mb/drm_audio_fw/Debug/drm_audio_fw.elf -proc system_i/microblaze_0 -bit /ectf//mb/test/system_wrapper.bit -out device1//download.bit -force
# Log file: /ectf/tools/updatemem.log
# Journal file: /ectf/tools/updatemem.jou
#-----------------------------------------------------------
source /opt/Xilinx/SDK/2017.4/scripts/updatemem/main.tcl -notrace
 Loading bitfile /ectf//mb/test/system_wrapper.bit
Loading data files...
Updating memory content...
Creating bitstream...
Bitstream compression saved 8070912 bits.
Writing bitstream device1//download.bit...
  update_mem: Time (s): cpu = 00:00:19 ; elapsed = 00:00:21 . Memory (MB): peak = 895.773 ; gain = 405.164 ; free physical = 2082 ; free virtual = 4302
INFO: [Common 17-206] Exiting updatemem at Wed Feb 19 19:10:45 2020...
